Arguments: 
  /usr/local/bin/node /usr/local/Cellar/yarn/1.22.4/libexec/bin/yarn.js publish

PATH: 
  /usr/local/bin:/usr/bin:/bin:/usr/sbin:/sbin:/usr/local/share/dotnet:~/.dotnet/tools:/Library/Apple/usr/bin:/Library/Frameworks/Mono.framework/Versions/Current/Commands:/Users/troy/Workspace/Development/Projects/flutter/bin:/Users/troy/Library/Android/sdk/platform-tools/:/Users/troy/Workspace/Development/Projects/flutter/bin:/Users/troy/Library/Android/sdk/platform-tools/

Yarn version: 
  1.22.4

Node version: 
  12.18.2

Platform: 
  darwin x64

Trace: 
  Error: canceled
      at Interface.<anonymous> (/usr/local/Cellar/yarn/1.22.4/libexec/lib/cli.js:137008:13)
      at Interface.emit (events.js:315:20)
      at Interface._ttyWrite (readline.js:866:16)
      at ReadStream.onkeypress (readline.js:205:10)
      at ReadStream.emit (events.js:315:20)
      at emitKeys (internal/readline/utils.js:335:14)
      at emitKeys.next (<anonymous>)
      at ReadStream.onData (readline.js:1133:36)
      at ReadStream.emit (events.js:315:20)
      at addChunk (_stream_readable.js:295:12)

npm manifest: 
  {
    "name": "@imatis/react-native-callkeep",
    "version": "4.2.0-imatis.9",
    "description": "iOS 10 CallKit and Android ConnectionService Framework For React Native",
    "main": "index.js",
    "scripts": {},
    "repository": {
      "type": "git",
      "url": "git+https://github.com/react-native-webrtc/react-native-callkeep.git"
    },
    "author": "See AUTHORS file",
    "maintainers": [
      "See AUTHORS file"
    ],
    "contributors": [
      "See AUTHORS file"
    ],
    "license": "ISC",
    "bugs": {
      "url": "https://github.com/react-native-webrtc/react-native-callkeep/issues"
    },
    "homepage": "https://github.com/react-native-webrtc/react-native-callkeep#readme",
    "typings": "./index.d.ts",
    "peerDependencies": {
      "react-native": ">=0.40.0"
    },
    "devDependencies": {
      "react-native": ">=0.40.0"
    },
    "dependencies": {}
  }

yarn manifest: 
  No manifest

Lockfile: 
  No lockfile
